TN:
SF:app.js
FNF:0
FNH:0
DA:1,2
DA:2,2
DA:3,2
DA:4,2
DA:5,2
DA:7,2
DA:8,2
DA:9,2
DA:11,2
DA:12,2
DA:14,2
DA:15,2
DA:16,2
DA:17,2
DA:18,2
DA:20,2
DA:21,2
DA:22,2
DA:24,2
LF:19
LH:19
BRF:0
BRH:0
end_of_record
TN:
SF:middleware/db.js
FN:7,(anonymous_0)
FN:23,(anonymous_1)
FN:30,(anonymous_2)
FNF:3
FNH:2
FNDA:3,(anonymous_0)
FNDA:0,(anonymous_1)
FNDA:2,(anonymous_2)
DA:1,2
DA:2,2
DA:4,2
DA:6,2
DA:7,2
DA:8,3
DA:9,1
DA:12,2
DA:14,2
DA:18,2
DA:19,2
DA:20,2
DA:23,2
DA:24,0
DA:25,0
DA:28,2
DA:29,2
DA:30,2
LF:18
LH:16
BRDA:8,0,0,1
BRDA:8,0,1,2
BRDA:12,1,0,2
BRDA:12,1,1,2
BRF:4
BRH:4
end_of_record
TN:
SF:models/locations.js
FNF:0
FNH:0
DA:1,2
DA:2,2
DA:4,2
DA:6,2
DA:15,2
LF:5
LH:5
BRF:0
BRH:0
end_of_record
TN:
SF:routes/index.js
FN:5,(anonymous_0)
FNF:1
FNH:0
FNDA:0,(anonymous_0)
DA:1,2
DA:2,2
DA:5,2
DA:6,0
DA:9,2
LF:5
LH:4
BRF:0
BRH:0
end_of_record
TN:
SF:routes/locations.js
FN:8,(anonymous_0)
FN:22,(anonymous_1)
FN:23,(anonymous_2)
FN:26,(anonymous_3)
FN:27,(anonymous_4)
FN:30,(anonymous_5)
FN:31,(anonymous_6)
FN:34,(anonymous_7)
FN:47,(anonymous_8)
FNF:9
FNH:6
FNDA:1,(anonymous_0)
FNDA:1,(anonymous_1)
FNDA:1,(anonymous_2)
FNDA:1,(anonymous_3)
FNDA:1,(anonymous_4)
FNDA:0,(anonymous_5)
FNDA:0,(anonymous_6)
FNDA:1,(anonymous_7)
FNDA:0,(anonymous_8)
DA:1,2
DA:2,2
DA:3,2
DA:5,2
DA:8,2
DA:9,1
DA:10,1
DA:11,1
DA:12,1
DA:14,0
DA:15,0
DA:18,1
DA:22,2
DA:23,1
DA:26,2
DA:27,1
DA:30,2
DA:31,0
DA:34,2
DA:35,1
DA:43,1
DA:44,1
DA:47,2
DA:48,0
DA:49,0
DA:52,0
DA:53,0
DA:54,0
DA:61,0
DA:62,0
DA:65,2
LF:31
LH:21
BRDA:36,0,0,1
BRDA:36,0,1,0
BRDA:48,1,0,0
BRDA:48,1,1,0
BRF:4
BRH:1
end_of_record
TN:
SF:routes/users.js
FN:15,(anonymous_0)
FN:20,(anonymous_1)
FN:21,(anonymous_2)
FN:29,(anonymous_3)
FNF:4
FNH:1
FNDA:1,(anonymous_0)
FNDA:0,(anonymous_1)
FNDA:0,(anonymous_2)
FNDA:0,(anonymous_3)
DA:1,2
DA:2,2
DA:4,2
DA:6,2
DA:15,2
DA:16,1
DA:20,2
DA:21,0
DA:22,0
DA:23,0
DA:26,0
DA:29,2
DA:30,0
DA:35,0
DA:38,2
LF:15
LH:9
BRDA:22,0,0,0
BRDA:22,0,1,0
BRF:2
BRH:0
end_of_record
